2025-03-20 15:19:47,081 [Worker-7: Loading available Gradle versions] INFO  o.e.b.c.i.u.g.PublishedGradleVersions - Gradle version information cache is not available. Remote download required.
2025-03-20 15:20:57,210 [Worker-19: Importing Maven projects] INFO  o.e.m.c.i.l.LifecycleMappingFactory - Using org.eclipse.m2e.jdt.JarLifecycleMapping lifecycle mapping for MavenProject: com.openclassrooms:tourguide:0.0.1-SNAPSHOT @ C:\Users\martel\Desktop\1-dev java\P8\P8-App\TourGuide\pom.xml.
2025-03-20 15:21:00,564 [Worker-19: Importing Maven projects] INFO  o.e.m.j.i.AbstractJavaProjectConfigurator - Adding source folder /TourGuide/src/main/java
2025-03-20 15:21:00,569 [Worker-19: Importing Maven projects] INFO  o.e.m.j.i.AbstractJavaProjectConfigurator - Adding resource folder /TourGuide/src/main/resources
2025-03-20 15:21:00,571 [Worker-19: Importing Maven projects] INFO  o.e.m.j.i.AbstractJavaProjectConfigurator - Adding resource folder /TourGuide/src/main/resources
2025-03-20 15:21:00,572 [Worker-19: Importing Maven projects] INFO  o.e.m.j.i.AbstractJavaProjectConfigurator - Adding source folder /TourGuide/src/test/java
2025-03-20 15:21:00,574 [Worker-19: Importing Maven projects] INFO  o.e.m.j.i.AbstractJavaProjectConfigurator - Adding resource folder /TourGuide/src/test/resources
2025-03-20 15:21:01,008 [Worker-19: Importing Maven projects] INFO  o.e.m.c.i.p.ProjectConfigurationManager - Imported and configured 1 project(s) in 5 sec
2025-03-20 15:21:03,891 [Worker-20: Building] INFO  o.a.m.s.f.DefaultMavenResourcesFiltering - Copying 1 resource from src\main\resources to target\classes
2025-03-20 15:21:03,923 [Worker-20: Building] INFO  o.a.m.s.f.DefaultMavenResourcesFiltering - Copying 0 resource from src\main\resources to target\classes
2025-03-20 15:21:03,931 [Worker-20: Building] INFO  o.a.m.s.f.DefaultMavenResourcesFiltering - Copying 0 resource from src\test\resources to target\test-classes
2025-03-20 15:21:13,813 [Worker-30: Launching Executing verify in C__Users_martel_Desktop_1-dev java_P8_P8-App_TourGuide] INFO  o.eclipse.m2e.core.internal.Bundles - getClasspathEntries(Bundle=org.eclipse.m2e.maven.runtime_3.9.900.20240824-1409 [1785])
2025-03-20 15:21:13,816 [Worker-30: Launching Executing verify in C__Users_martel_Desktop_1-dev java_P8_P8-App_TourGuide] INFO  o.eclipse.m2e.core.internal.Bundles - 	Entry: C:\Users\martel\.p2\pool\plugins\org.eclipse.m2e.maven.runtime_3.9.900.20240824-1409
2025-03-20 15:21:13,816 [Worker-30: Launching Executing verify in C__Users_martel_Desktop_1-dev java_P8_P8-App_TourGuide] INFO  o.eclipse.m2e.core.internal.Bundles - 	Entry: C:\Users\martel\.p2\pool\plugins\org.eclipse.m2e.maven.runtime_3.9.900.20240824-1409\jars\aopalliance-1.0.jar
2025-03-20 15:21:13,816 [Worker-30: Launching Executing verify in C__Users_martel_Desktop_1-dev java_P8_P8-App_TourGuide] INFO  o.eclipse.m2e.core.internal.Bundles - 	Entry: C:\Users\martel\.p2\pool\plugins\org.eclipse.m2e.maven.runtime_3.9.900.20240824-1409\jars\guice-5.1.0.jar
2025-03-20 15:21:13,816 [Worker-30: Launching Executing verify in C__Users_martel_Desktop_1-dev java_P8_P8-App_TourGuide] INFO  o.eclipse.m2e.core.internal.Bundles - 	Entry: C:\Users\martel\.p2\pool\plugins\org.eclipse.m2e.maven.runtime_3.9.900.20240824-1409\jars\httpclient-4.5.14.jar
2025-03-20 15:21:13,816 [Worker-30: Launching Executing verify in C__Users_martel_Desktop_1-dev java_P8_P8-App_TourGuide] INFO  o.eclipse.m2e.core.internal.Bundles - 	Entry: C:\Users\martel\.p2\pool\plugins\org.eclipse.m2e.maven.runtime_3.9.900.20240824-1409\jars\httpcore-4.4.16.jar
2025-03-20 15:21:13,816 [Worker-30: Launching Executing verify in C__Users_martel_Desktop_1-dev java_P8_P8-App_TourGuide] INFO  o.eclipse.m2e.core.internal.Bundles - 	Entry: C:\Users\martel\.p2\pool\plugins\org.eclipse.m2e.maven.runtime_3.9.900.20240824-1409\jars\jansi-2.4.1.jar
2025-03-20 15:21:13,816 [Worker-30: Launching Executing verify in C__Users_martel_Desktop_1-dev java_P8_P8-App_TourGuide] INFO  o.eclipse.m2e.core.internal.Bundles - 	Entry: C:\Users\martel\.p2\pool\plugins\org.eclipse.m2e.maven.runtime_3.9.900.20240824-1409\jars\jcl-over-slf4j-1.7.36.jar
2025-03-20 15:21:13,816 [Worker-30: Launching Executing verify in C__Users_martel_Desktop_1-dev java_P8_P8-App_TourGuide] INFO  o.eclipse.m2e.core.internal.Bundles - 	Entry: C:\Users\martel\.p2\pool\plugins\org.eclipse.m2e.maven.runtime_3.9.900.20240824-1409\jars\maven-artifact-3.9.9.jar
2025-03-20 15:21:13,817 [Worker-30: Launching Executing verify in C__Users_martel_Desktop_1-dev java_P8_P8-App_TourGuide] INFO  o.eclipse.m2e.core.internal.Bundles - 	Entry: C:\Users\martel\.p2\pool\plugins\org.eclipse.m2e.maven.runtime_3.9.900.20240824-1409\jars\maven-builder-support-3.9.9.jar
2025-03-20 15:21:13,817 [Worker-30: Launching Executing verify in C__Users_martel_Desktop_1-dev java_P8_P8-App_TourGuide] INFO  o.eclipse.m2e.core.internal.Bundles - 	Entry: C:\Users\martel\.p2\pool\plugins\org.eclipse.m2e.maven.runtime_3.9.900.20240824-1409\jars\maven-compat-3.9.9.jar
2025-03-20 15:21:13,817 [Worker-30: Launching Executing verify in C__Users_martel_Desktop_1-dev java_P8_P8-App_TourGuide] INFO  o.eclipse.m2e.core.internal.Bundles - 	Entry: C:\Users\martel\.p2\pool\plugins\org.eclipse.m2e.maven.runtime_3.9.900.20240824-1409\jars\maven-core-3.9.9.jar
2025-03-20 15:21:13,817 [Worker-30: Launching Executing verify in C__Users_martel_Desktop_1-dev java_P8_P8-App_TourGuide] INFO  o.eclipse.m2e.core.internal.Bundles - 	Entry: C:\Users\martel\.p2\pool\plugins\org.eclipse.m2e.maven.runtime_3.9.900.20240824-1409\jars\maven-embedder-3.9.9.jar
2025-03-20 15:21:13,817 [Worker-30: Launching Executing verify in C__Users_martel_Desktop_1-dev java_P8_P8-App_TourGuide] INFO  o.eclipse.m2e.core.internal.Bundles - 	Entry: C:\Users\martel\.p2\pool\plugins\org.eclipse.m2e.maven.runtime_3.9.900.20240824-1409\jars\maven-model-3.9.9.jar
2025-03-20 15:21:13,817 [Worker-30: Launching Executing verify in C__Users_martel_Desktop_1-dev java_P8_P8-App_TourGuide] INFO  o.eclipse.m2e.core.internal.Bundles - 	Entry: C:\Users\martel\.p2\pool\plugins\org.eclipse.m2e.maven.runtime_3.9.900.20240824-1409\jars\maven-model-builder-3.9.9.jar
2025-03-20 15:21:13,817 [Worker-30: Launching Executing verify in C__Users_martel_Desktop_1-dev java_P8_P8-App_TourGuide] INFO  o.eclipse.m2e.core.internal.Bundles - 	Entry: C:\Users\martel\.p2\pool\plugins\org.eclipse.m2e.maven.runtime_3.9.900.20240824-1409\jars\maven-plugin-api-3.9.9.jar
2025-03-20 15:21:13,817 [Worker-30: Launching Executing verify in C__Users_martel_Desktop_1-dev java_P8_P8-App_TourGuide] INFO  o.eclipse.m2e.core.internal.Bundles - 	Entry: C:\Users\martel\.p2\pool\plugins\org.eclipse.m2e.maven.runtime_3.9.900.20240824-1409\jars\maven-repository-metadata-3.9.9.jar
2025-03-20 15:21:13,817 [Worker-30: Launching Executing verify in C__Users_martel_Desktop_1-dev java_P8_P8-App_TourGuide] INFO  o.eclipse.m2e.core.internal.Bundles - 	Entry: C:\Users\martel\.p2\pool\plugins\org.eclipse.m2e.maven.runtime_3.9.900.20240824-1409\jars\maven-resolver-api-1.9.22.jar
2025-03-20 15:21:13,817 [Worker-30: Launching Executing verify in C__Users_martel_Desktop_1-dev java_P8_P8-App_TourGuide] INFO  o.eclipse.m2e.core.internal.Bundles - 	Entry: C:\Users\martel\.p2\pool\plugins\org.eclipse.m2e.maven.runtime_3.9.900.20240824-1409\jars\maven-resolver-connector-basic-1.9.22.jar
2025-03-20 15:21:13,817 [Worker-30: Launching Executing verify in C__Users_martel_Desktop_1-dev java_P8_P8-App_TourGuide] INFO  o.eclipse.m2e.core.internal.Bundles - 	Entry: C:\Users\martel\.p2\pool\plugins\org.eclipse.m2e.maven.runtime_3.9.900.20240824-1409\jars\maven-resolver-impl-1.9.22.jar
2025-03-20 15:21:13,817 [Worker-30: Launching Executing verify in C__Users_martel_Desktop_1-dev java_P8_P8-App_TourGuide] INFO  o.eclipse.m2e.core.internal.Bundles - 	Entry: C:\Users\martel\.p2\pool\plugins\org.eclipse.m2e.maven.runtime_3.9.900.20240824-1409\jars\maven-resolver-named-locks-1.9.22.jar
2025-03-20 15:21:13,817 [Worker-30: Launching Executing verify in C__Users_martel_Desktop_1-dev java_P8_P8-App_TourGuide] INFO  o.eclipse.m2e.core.internal.Bundles - 	Entry: C:\Users\martel\.p2\pool\plugins\org.eclipse.m2e.maven.runtime_3.9.900.20240824-1409\jars\maven-resolver-provider-3.9.9.jar
2025-03-20 15:21:13,817 [Worker-30: Launching Executing verify in C__Users_martel_Desktop_1-dev java_P8_P8-App_TourGuide] INFO  o.eclipse.m2e.core.internal.Bundles - 	Entry: C:\Users\martel\.p2\pool\plugins\org.eclipse.m2e.maven.runtime_3.9.900.20240824-1409\jars\maven-resolver-spi-1.9.22.jar
2025-03-20 15:21:13,818 [Worker-30: Launching Executing verify in C__Users_martel_Desktop_1-dev java_P8_P8-App_TourGuide] INFO  o.eclipse.m2e.core.internal.Bundles - 	Entry: C:\Users\martel\.p2\pool\plugins\org.eclipse.m2e.maven.runtime_3.9.900.20240824-1409\jars\maven-resolver-transport-file-1.9.22.jar
2025-03-20 15:21:13,818 [Worker-30: Launching Executing verify in C__Users_martel_Desktop_1-dev java_P8_P8-App_TourGuide] INFO  o.eclipse.m2e.core.internal.Bundles - 	Entry: C:\Users\martel\.p2\pool\plugins\org.eclipse.m2e.maven.runtime_3.9.900.20240824-1409\jars\maven-resolver-transport-http-1.9.22.jar
2025-03-20 15:21:13,819 [Worker-30: Launching Executing verify in C__Users_martel_Desktop_1-dev java_P8_P8-App_TourGuide] INFO  o.eclipse.m2e.core.internal.Bundles - 	Entry: C:\Users\martel\.p2\pool\plugins\org.eclipse.m2e.maven.runtime_3.9.900.20240824-1409\jars\maven-resolver-transport-wagon-1.9.22.jar
2025-03-20 15:21:13,819 [Worker-30: Launching Executing verify in C__Users_martel_Desktop_1-dev java_P8_P8-App_TourGuide] INFO  o.eclipse.m2e.core.internal.Bundles - 	Entry: C:\Users\martel\.p2\pool\plugins\org.eclipse.m2e.maven.runtime_3.9.900.20240824-1409\jars\maven-resolver-util-1.9.22.jar
2025-03-20 15:21:13,819 [Worker-30: Launching Executing verify in C__Users_martel_Desktop_1-dev java_P8_P8-App_TourGuide] INFO  o.eclipse.m2e.core.internal.Bundles - 	Entry: C:\Users\martel\.p2\pool\plugins\org.eclipse.m2e.maven.runtime_3.9.900.20240824-1409\jars\maven-settings-3.9.9.jar
2025-03-20 15:21:13,819 [Worker-30: Launching Executing verify in C__Users_martel_Desktop_1-dev java_P8_P8-App_TourGuide] INFO  o.eclipse.m2e.core.internal.Bundles - 	Entry: C:\Users\martel\.p2\pool\plugins\org.eclipse.m2e.maven.runtime_3.9.900.20240824-1409\jars\maven-settings-builder-3.9.9.jar
2025-03-20 15:21:13,820 [Worker-30: Launching Executing verify in C__Users_martel_Desktop_1-dev java_P8_P8-App_TourGuide] INFO  o.eclipse.m2e.core.internal.Bundles - 	Entry: C:\Users\martel\.p2\pool\plugins\org.eclipse.m2e.maven.runtime_3.9.900.20240824-1409\jars\maven-shared-utils-3.4.2.jar
2025-03-20 15:21:13,820 [Worker-30: Launching Executing verify in C__Users_martel_Desktop_1-dev java_P8_P8-App_TourGuide] INFO  o.eclipse.m2e.core.internal.Bundles - 	Entry: C:\Users\martel\.p2\pool\plugins\org.eclipse.m2e.maven.runtime_3.9.900.20240824-1409\jars\org.eclipse.sisu.inject-0.9.0.M3.jar
2025-03-20 15:21:13,820 [Worker-30: Launching Executing verify in C__Users_martel_Desktop_1-dev java_P8_P8-App_TourGuide] INFO  o.eclipse.m2e.core.internal.Bundles - 	Entry: C:\Users\martel\.p2\pool\plugins\org.eclipse.m2e.maven.runtime_3.9.900.20240824-1409\jars\org.eclipse.sisu.plexus-0.9.0.M3.jar
2025-03-20 15:21:13,820 [Worker-30: Launching Executing verify in C__Users_martel_Desktop_1-dev java_P8_P8-App_TourGuide] INFO  o.eclipse.m2e.core.internal.Bundles - 	Entry: C:\Users\martel\.p2\pool\plugins\org.eclipse.m2e.maven.runtime_3.9.900.20240824-1409\jars\plexus-build-api-0.0.7.jar
2025-03-20 15:21:13,820 [Worker-30: Launching Executing verify in C__Users_martel_Desktop_1-dev java_P8_P8-App_TourGuide] INFO  o.eclipse.m2e.core.internal.Bundles - 	Entry: C:\Users\martel\.p2\pool\plugins\org.eclipse.m2e.maven.runtime_3.9.900.20240824-1409\jars\plexus-build-api-1.2.0.jar
2025-03-20 15:21:13,820 [Worker-30: Launching Executing verify in C__Users_martel_Desktop_1-dev java_P8_P8-App_TourGuide] INFO  o.eclipse.m2e.core.internal.Bundles - 	Entry: C:\Users\martel\.p2\pool\plugins\org.eclipse.m2e.maven.runtime_3.9.900.20240824-1409\jars\plexus-cipher-2.0.jar
2025-03-20 15:21:13,820 [Worker-30: Launching Executing verify in C__Users_martel_Desktop_1-dev java_P8_P8-App_TourGuide] INFO  o.eclipse.m2e.core.internal.Bundles - 	Entry: C:\Users\martel\.p2\pool\plugins\org.eclipse.m2e.maven.runtime_3.9.900.20240824-1409\jars\plexus-classworlds-2.8.0.jar
2025-03-20 15:21:13,820 [Worker-30: Launching Executing verify in C__Users_martel_Desktop_1-dev java_P8_P8-App_TourGuide] INFO  o.eclipse.m2e.core.internal.Bundles - 	Entry: C:\Users\martel\.p2\pool\plugins\org.eclipse.m2e.maven.runtime_3.9.900.20240824-1409\jars\plexus-component-annotations-2.1.0.jar
2025-03-20 15:21:13,820 [Worker-30: Launching Executing verify in C__Users_martel_Desktop_1-dev java_P8_P8-App_TourGuide] INFO  o.eclipse.m2e.core.internal.Bundles - 	Entry: C:\Users\martel\.p2\pool\plugins\org.eclipse.m2e.maven.runtime_3.9.900.20240824-1409\jars\plexus-interpolation-1.27.jar
2025-03-20 15:21:13,820 [Worker-30: Launching Executing verify in C__Users_martel_Desktop_1-dev java_P8_P8-App_TourGuide] INFO  o.eclipse.m2e.core.internal.Bundles - 	Entry: C:\Users\martel\.p2\pool\plugins\org.eclipse.m2e.maven.runtime_3.9.900.20240824-1409\jars\plexus-sec-dispatcher-2.0.jar
2025-03-20 15:21:13,820 [Worker-30: Launching Executing verify in C__Users_martel_Desktop_1-dev java_P8_P8-App_TourGuide] INFO  o.eclipse.m2e.core.internal.Bundles - 	Entry: C:\Users\martel\.p2\pool\plugins\org.eclipse.m2e.maven.runtime_3.9.900.20240824-1409\jars\plexus-utils-3.5.1.jar
2025-03-20 15:21:13,820 [Worker-30: Launching Executing verify in C__Users_martel_Desktop_1-dev java_P8_P8-App_TourGuide] INFO  o.eclipse.m2e.core.internal.Bundles - 	Entry: C:\Users\martel\.p2\pool\plugins\org.eclipse.m2e.maven.runtime_3.9.900.20240824-1409\jars\plexus-xml-3.0.1.jar
2025-03-20 15:21:13,820 [Worker-30: Launching Executing verify in C__Users_martel_Desktop_1-dev java_P8_P8-App_TourGuide] INFO  o.eclipse.m2e.core.internal.Bundles - 	Entry: C:\Users\martel\.p2\pool\plugins\org.eclipse.m2e.maven.runtime_3.9.900.20240824-1409\jars\wagon-file-3.5.3.jar
2025-03-20 15:21:13,820 [Worker-30: Launching Executing verify in C__Users_martel_Desktop_1-dev java_P8_P8-App_TourGuide] INFO  o.eclipse.m2e.core.internal.Bundles - 	Entry: C:\Users\martel\.p2\pool\plugins\org.eclipse.m2e.maven.runtime_3.9.900.20240824-1409\jars\wagon-http-3.5.3.jar
2025-03-20 15:21:13,820 [Worker-30: Launching Executing verify in C__Users_martel_Desktop_1-dev java_P8_P8-App_TourGuide] INFO  o.eclipse.m2e.core.internal.Bundles - 	Entry: C:\Users\martel\.p2\pool\plugins\org.eclipse.m2e.maven.runtime_3.9.900.20240824-1409\jars\wagon-http-shared-3.5.3.jar
2025-03-20 15:21:13,820 [Worker-30: Launching Executing verify in C__Users_martel_Desktop_1-dev java_P8_P8-App_TourGuide] INFO  o.eclipse.m2e.core.internal.Bundles - 	Entry: C:\Users\martel\.p2\pool\plugins\org.eclipse.m2e.maven.runtime_3.9.900.20240824-1409\jars\wagon-provider-api-3.5.3.jar
2025-03-20 15:21:13,822 [Worker-30: Launching Executing verify in C__Users_martel_Desktop_1-dev java_P8_P8-App_TourGuide] INFO  o.eclipse.m2e.core.internal.Bundles - getClasspathEntries(Bundle=com.google.guava_33.3.1.jre [1583])
2025-03-20 15:21:13,823 [Worker-30: Launching Executing verify in C__Users_martel_Desktop_1-dev java_P8_P8-App_TourGuide] INFO  o.eclipse.m2e.core.internal.Bundles - 	Entry: C:\Users\martel\.p2\pool\plugins\com.google.guava_33.3.1.jre.jar
2025-03-20 15:21:13,823 [Worker-30: Launching Executing verify in C__Users_martel_Desktop_1-dev java_P8_P8-App_TourGuide] INFO  o.eclipse.m2e.core.internal.Bundles - getClasspathEntries(Bundle=slf4j.api_2.0.16 [1522])
2025-03-20 15:21:13,823 [Worker-30: Launching Executing verify in C__Users_martel_Desktop_1-dev java_P8_P8-App_TourGuide] INFO  o.eclipse.m2e.core.internal.Bundles - 	Entry: C:\Users\martel\.p2\pool\plugins\slf4j.api_2.0.16.jar
2025-03-20 15:21:13,823 [Worker-30: Launching Executing verify in C__Users_martel_Desktop_1-dev java_P8_P8-App_TourGuide] INFO  o.eclipse.m2e.core.internal.Bundles - getClasspathEntries(Bundle=javax.inject_1.0.0.v20220405-0441 [1590])
2025-03-20 15:21:13,823 [Worker-30: Launching Executing verify in C__Users_martel_Desktop_1-dev java_P8_P8-App_TourGuide] INFO  o.eclipse.m2e.core.internal.Bundles - 	Entry: C:\Users\martel\.p2\pool\plugins\javax.inject_1.0.0.v20220405-0441.jar
2025-03-20 15:21:13,823 [Worker-30: Launching Executing verify in C__Users_martel_Desktop_1-dev java_P8_P8-App_TourGuide] INFO  o.eclipse.m2e.core.internal.Bundles - getClasspathEntries(Bundle=javax.annotation_1.3.5.v20230504-0748 [1589])
2025-03-20 15:21:13,824 [Worker-30: Launching Executing verify in C__Users_martel_Desktop_1-dev java_P8_P8-App_TourGuide] INFO  o.eclipse.m2e.core.internal.Bundles - 	Entry: C:\Users\martel\.p2\pool\plugins\javax.annotation_1.3.5.v20230504-0748.jar
2025-03-20 15:21:13,824 [Worker-30: Launching Executing verify in C__Users_martel_Desktop_1-dev java_P8_P8-App_TourGuide] INFO  o.eclipse.m2e.core.internal.Bundles - getClasspathEntries(Bundle=org.apache.commons.cli_1.9.0 [1452])
2025-03-20 15:21:13,824 [Worker-30: Launching Executing verify in C__Users_martel_Desktop_1-dev java_P8_P8-App_TourGuide] INFO  o.eclipse.m2e.core.internal.Bundles - 	Entry: C:\Users\martel\.p2\pool\plugins\org.apache.commons.cli_1.9.0.jar
2025-03-20 15:21:13,824 [Worker-30: Launching Executing verify in C__Users_martel_Desktop_1-dev java_P8_P8-App_TourGuide] INFO  o.eclipse.m2e.core.internal.Bundles - getClasspathEntries(Bundle=org.apache.commons.commons-codec_1.16.0 [48])
2025-03-20 15:21:13,824 [Worker-30: Launching Executing verify in C__Users_martel_Desktop_1-dev java_P8_P8-App_TourGuide] INFO  o.eclipse.m2e.core.internal.Bundles - 	Entry: C:\Users\martel\.p2\pool\plugins\org.apache.commons.commons-codec_1.16.0.jar
2025-03-20 15:21:13,824 [Worker-30: Launching Executing verify in C__Users_martel_Desktop_1-dev java_P8_P8-App_TourGuide] INFO  o.eclipse.m2e.core.internal.Bundles - getClasspathEntries(Bundle=com.google.guava.failureaccess_1.0.2 [11])
2025-03-20 15:21:13,824 [Worker-30: Launching Executing verify in C__Users_martel_Desktop_1-dev java_P8_P8-App_TourGuide] INFO  o.eclipse.m2e.core.internal.Bundles - 	Entry: C:\Users\martel\.p2\pool\plugins\com.google.guava.failureaccess_1.0.2.jar
2025-03-20 15:21:13,832 [Worker-30: Launching Executing verify in C__Users_martel_Desktop_1-dev java_P8_P8-App_TourGuide] INFO  o.e.m.i.launch.MavenLaunchDelegate - Run build in "C:\Users\martel\Desktop\1-dev java\P8\P8-App\TourGuide":
2025-03-20 15:21:13,839 [Worker-30: Launching Executing verify in C__Users_martel_Desktop_1-dev java_P8_P8-App_TourGuide] INFO  o.e.m.i.launch.MavenLaunchDelegate -  mvn  -B -Dstyle.color=always verify
2025-03-20 15:25:32,261 [Worker-0: Building] INFO  o.a.m.s.f.DefaultMavenResourcesFiltering - Copying 1 resource from src\main\resources to target\classes
2025-03-20 15:25:32,275 [Worker-0: Building] INFO  o.a.m.s.f.DefaultMavenResourcesFiltering - Copying 0 resource from src\main\resources to target\classes
2025-03-20 15:25:32,281 [Worker-0: Building] INFO  o.a.m.s.f.DefaultMavenResourcesFiltering - Copying 0 resource from src\test\resources to target\test-classes
2025-03-20 15:27:07,902 [Worker-3: Building] INFO  o.a.m.s.f.DefaultMavenResourcesFiltering - Copying 1 resource from src\main\resources to target\classes
2025-03-20 15:27:07,910 [Worker-3: Building] INFO  o.a.m.s.f.DefaultMavenResourcesFiltering - Copying 0 resource from src\main\resources to target\classes
2025-03-20 15:27:07,913 [Worker-3: Building] INFO  o.a.m.s.f.DefaultMavenResourcesFiltering - Copying 0 resource from src\test\resources to target\test-classes
2025-03-20 15:27:43,280 [Worker-11: Building] INFO  o.a.m.s.f.DefaultMavenResourcesFiltering - Copying 1 resource from src\main\resources to target\classes
2025-03-20 15:27:43,287 [Worker-11: Building] INFO  o.a.m.s.f.DefaultMavenResourcesFiltering - Copying 0 resource from src\main\resources to target\classes
2025-03-20 15:27:43,290 [Worker-11: Building] INFO  o.a.m.s.f.DefaultMavenResourcesFiltering - Copying 0 resource from src\test\resources to target\test-classes
2025-03-20 15:27:59,249 [Worker-31: Building] INFO  o.a.m.s.f.DefaultMavenResourcesFiltering - Copying 1 resource from src\main\resources to target\classes
2025-03-20 15:27:59,254 [Worker-31: Building] INFO  o.a.m.s.f.DefaultMavenResourcesFiltering - Copying 0 resource from src\main\resources to target\classes
2025-03-20 15:27:59,258 [Worker-31: Building] INFO  o.a.m.s.f.DefaultMavenResourcesFiltering - Copying 0 resource from src\test\resources to target\test-classes
2025-03-20 15:28:03,014 [Worker-22: Building] INFO  o.a.m.s.f.DefaultMavenResourcesFiltering - Copying 1 resource from src\main\resources to target\classes
2025-03-20 15:28:03,023 [Worker-22: Building] INFO  o.a.m.s.f.DefaultMavenResourcesFiltering - Copying 0 resource from src\main\resources to target\classes
2025-03-20 15:28:03,027 [Worker-22: Building] INFO  o.a.m.s.f.DefaultMavenResourcesFiltering - Copying 0 resource from src\test\resources to target\test-classes
2025-03-20 15:28:21,328 [Worker-9: Building] INFO  o.a.m.s.f.DefaultMavenResourcesFiltering - Copying 1 resource from src\main\resources to target\classes
2025-03-20 15:28:21,335 [Worker-9: Building] INFO  o.a.m.s.f.DefaultMavenResourcesFiltering - Copying 0 resource from src\main\resources to target\classes
2025-03-20 15:28:21,341 [Worker-9: Building] INFO  o.a.m.s.f.DefaultMavenResourcesFiltering - Copying 0 resource from src\test\resources to target\test-classes
2025-03-20 15:28:31,752 [Worker-21: Building] INFO  o.a.m.s.f.DefaultMavenResourcesFiltering - Copying 1 resource from src\main\resources to target\classes
2025-03-20 15:28:31,776 [Worker-21: Building] INFO  o.a.m.s.f.DefaultMavenResourcesFiltering - Copying 0 resource from src\main\resources to target\classes
2025-03-20 15:28:31,782 [Worker-21: Building] INFO  o.a.m.s.f.DefaultMavenResourcesFiltering - Copying 0 resource from src\test\resources to target\test-classes
2025-03-20 15:28:36,642 [Worker-23: Building] INFO  o.a.m.s.f.DefaultMavenResourcesFiltering - Copying 1 resource from src\main\resources to target\classes
2025-03-20 15:28:36,646 [Worker-23: Building] INFO  o.a.m.s.f.DefaultMavenResourcesFiltering - Copying 0 resource from src\main\resources to target\classes
2025-03-20 15:28:36,648 [Worker-23: Building] INFO  o.a.m.s.f.DefaultMavenResourcesFiltering - Copying 0 resource from src\test\resources to target\test-classes
2025-03-20 15:28:46,950 [Worker-21: Building] INFO  o.a.m.s.f.DefaultMavenResourcesFiltering - Copying 1 resource from src\main\resources to target\classes
2025-03-20 15:28:46,957 [Worker-21: Building] INFO  o.a.m.s.f.DefaultMavenResourcesFiltering - Copying 0 resource from src\main\resources to target\classes
2025-03-20 15:28:46,966 [Worker-21: Building] INFO  o.a.m.s.f.DefaultMavenResourcesFiltering - Copying 0 resource from src\test\resources to target\test-classes
2025-03-20 15:29:35,492 [Worker-4: Building] INFO  o.a.m.s.f.DefaultMavenResourcesFiltering - Copying 1 resource from src\main\resources to target\classes
2025-03-20 15:29:35,496 [Worker-4: Building] INFO  o.a.m.s.f.DefaultMavenResourcesFiltering - Copying 0 resource from src\main\resources to target\classes
2025-03-20 15:29:35,498 [Worker-4: Building] INFO  o.a.m.s.f.DefaultMavenResourcesFiltering - Copying 0 resource from src\test\resources to target\test-classes
2025-03-20 15:29:46,125 [Worker-28: Building] INFO  o.a.m.s.f.DefaultMavenResourcesFiltering - Copying 1 resource from src\main\resources to target\classes
2025-03-20 15:29:46,128 [Worker-28: Building] INFO  o.a.m.s.f.DefaultMavenResourcesFiltering - Copying 0 resource from src\main\resources to target\classes
2025-03-20 15:29:46,132 [Worker-28: Building] INFO  o.a.m.s.f.DefaultMavenResourcesFiltering - Copying 0 resource from src\test\resources to target\test-classes
2025-03-20 15:32:29,637 [Worker-31: Building] INFO  o.a.m.s.f.DefaultMavenResourcesFiltering - Copying 1 resource from src\main\resources to target\classes
2025-03-20 15:32:29,641 [Worker-31: Building] INFO  o.a.m.s.f.DefaultMavenResourcesFiltering - Copying 0 resource from src\main\resources to target\classes
2025-03-20 15:32:29,645 [Worker-31: Building] INFO  o.a.m.s.f.DefaultMavenResourcesFiltering - Copying 0 resource from src\test\resources to target\test-classes
2025-03-20 15:32:50,973 [main] INFO  o.e.m.jdt.internal.UnitTestSupport - Updating TestRewardsService.nearAllAttractions from maven configuration
2025-03-20 15:35:53,347 [Worker-28: Building] INFO  o.a.m.s.f.DefaultMavenResourcesFiltering - Copying 1 resource from src\main\resources to target\classes
2025-03-20 15:35:53,353 [Worker-28: Building] INFO  o.a.m.s.f.DefaultMavenResourcesFiltering - Copying 0 resource from src\main\resources to target\classes
2025-03-20 15:35:53,355 [Worker-28: Building] INFO  o.a.m.s.f.DefaultMavenResourcesFiltering - Copying 0 resource from src\test\resources to target\test-classes
2025-03-20 15:38:00,985 [Worker-15: Building] INFO  o.a.m.s.f.DefaultMavenResourcesFiltering - Copying 1 resource from src\main\resources to target\classes
2025-03-20 15:38:00,989 [Worker-15: Building] INFO  o.a.m.s.f.DefaultMavenResourcesFiltering - Copying 0 resource from src\main\resources to target\classes
2025-03-20 15:38:00,991 [Worker-15: Building] INFO  o.a.m.s.f.DefaultMavenResourcesFiltering - Copying 0 resource from src\test\resources to target\test-classes
2025-03-20 15:38:12,805 [Worker-28: Building] INFO  o.a.m.s.f.DefaultMavenResourcesFiltering - Copying 1 resource from src\main\resources to target\classes
2025-03-20 15:38:12,808 [Worker-28: Building] INFO  o.a.m.s.f.DefaultMavenResourcesFiltering - Copying 0 resource from src\main\resources to target\classes
2025-03-20 15:38:12,810 [Worker-28: Building] INFO  o.a.m.s.f.DefaultMavenResourcesFiltering - Copying 0 resource from src\test\resources to target\test-classes
2025-03-20 15:38:18,049 [Worker-34: Building] INFO  o.a.m.s.f.DefaultMavenResourcesFiltering - Copying 1 resource from src\main\resources to target\classes
2025-03-20 15:38:18,057 [Worker-34: Building] INFO  o.a.m.s.f.DefaultMavenResourcesFiltering - Copying 0 resource from src\main\resources to target\classes
2025-03-20 15:38:18,059 [Worker-34: Building] INFO  o.a.m.s.f.DefaultMavenResourcesFiltering - Copying 0 resource from src\test\resources to target\test-classes
2025-03-20 15:45:32,860 [Worker-14: Loading available Gradle versions] INFO  o.e.b.c.i.u.g.PublishedGradleVersions - Gradle version information cache is up-to-date. Trying to read.
2025-03-20 15:52:40,066 [Worker-1: Building] INFO  o.a.m.s.f.DefaultMavenResourcesFiltering - Copying 1 resource from src\main\resources to target\classes
2025-03-20 15:52:40,107 [Worker-1: Building] INFO  o.a.m.s.f.DefaultMavenResourcesFiltering - Copying 0 resource from src\main\resources to target\classes
2025-03-20 15:52:40,118 [Worker-1: Building] INFO  o.a.m.s.f.DefaultMavenResourcesFiltering - Copying 0 resource from src\test\resources to target\test-classes
2025-03-20 15:52:43,846 [Worker-32: Building] INFO  o.a.m.s.f.DefaultMavenResourcesFiltering - Copying 1 resource from src\main\resources to target\classes
2025-03-20 15:52:43,853 [Worker-32: Building] INFO  o.a.m.s.f.DefaultMavenResourcesFiltering - Copying 0 resource from src\main\resources to target\classes
2025-03-20 15:52:43,857 [Worker-32: Building] INFO  o.a.m.s.f.DefaultMavenResourcesFiltering - Copying 0 resource from src\test\resources to target\test-classes
2025-03-20 15:53:02,338 [Worker-33: Building] INFO  o.a.m.s.f.DefaultMavenResourcesFiltering - Copying 1 resource from src\main\resources to target\classes
2025-03-20 15:53:02,343 [Worker-33: Building] INFO  o.a.m.s.f.DefaultMavenResourcesFiltering - Copying 0 resource from src\main\resources to target\classes
2025-03-20 15:53:02,351 [Worker-33: Building] INFO  o.a.m.s.f.DefaultMavenResourcesFiltering - Copying 0 resource from src\test\resources to target\test-classes
2025-03-20 15:53:07,841 [Worker-1: Building] INFO  o.a.m.s.f.DefaultMavenResourcesFiltering - Copying 1 resource from src\main\resources to target\classes
2025-03-20 15:53:07,845 [Worker-1: Building] INFO  o.a.m.s.f.DefaultMavenResourcesFiltering - Copying 0 resource from src\main\resources to target\classes
2025-03-20 15:53:07,848 [Worker-1: Building] INFO  o.a.m.s.f.DefaultMavenResourcesFiltering - Copying 0 resource from src\test\resources to target\test-classes
2025-03-20 15:53:11,930 [Worker-16: Building] INFO  o.a.m.s.f.DefaultMavenResourcesFiltering - Copying 1 resource from src\main\resources to target\classes
2025-03-20 15:53:11,934 [Worker-16: Building] INFO  o.a.m.s.f.DefaultMavenResourcesFiltering - Copying 0 resource from src\main\resources to target\classes
2025-03-20 15:53:11,937 [Worker-16: Building] INFO  o.a.m.s.f.DefaultMavenResourcesFiltering - Copying 0 resource from src\test\resources to target\test-classes
2025-03-20 15:53:37,833 [Worker-32: Building] INFO  o.a.m.s.f.DefaultMavenResourcesFiltering - Copying 1 resource from src\main\resources to target\classes
2025-03-20 15:53:37,837 [Worker-32: Building] INFO  o.a.m.s.f.DefaultMavenResourcesFiltering - Copying 0 resource from src\main\resources to target\classes
2025-03-20 15:53:37,839 [Worker-32: Building] INFO  o.a.m.s.f.DefaultMavenResourcesFiltering - Copying 0 resource from src\test\resources to target\test-classes
2025-03-20 15:53:51,222 [Worker-4: Building] INFO  o.a.m.s.f.DefaultMavenResourcesFiltering - Copying 1 resource from src\main\resources to target\classes
2025-03-20 15:53:51,226 [Worker-4: Building] INFO  o.a.m.s.f.DefaultMavenResourcesFiltering - Copying 0 resource from src\main\resources to target\classes
2025-03-20 15:53:51,229 [Worker-4: Building] INFO  o.a.m.s.f.DefaultMavenResourcesFiltering - Copying 0 resource from src\test\resources to target\test-classes
2025-03-20 15:56:29,430 [Worker-38: Building] INFO  o.a.m.s.f.DefaultMavenResourcesFiltering - Copying 1 resource from src\main\resources to target\classes
2025-03-20 15:56:29,434 [Worker-38: Building] INFO  o.a.m.s.f.DefaultMavenResourcesFiltering - Copying 0 resource from src\main\resources to target\classes
2025-03-20 15:56:29,437 [Worker-38: Building] INFO  o.a.m.s.f.DefaultMavenResourcesFiltering - Copying 0 resource from src\test\resources to target\test-classes
2025-03-20 15:56:49,475 [Worker-37: Building] INFO  o.a.m.s.f.DefaultMavenResourcesFiltering - Copying 1 resource from src\main\resources to target\classes
2025-03-20 15:56:49,478 [Worker-37: Building] INFO  o.a.m.s.f.DefaultMavenResourcesFiltering - Copying 0 resource from src\main\resources to target\classes
2025-03-20 15:56:49,481 [Worker-37: Building] INFO  o.a.m.s.f.DefaultMavenResourcesFiltering - Copying 0 resource from src\test\resources to target\test-classes
2025-03-20 15:57:23,710 [Worker-1: Building] INFO  o.a.m.s.f.DefaultMavenResourcesFiltering - Copying 1 resource from src\main\resources to target\classes
2025-03-20 15:57:23,717 [Worker-1: Building] INFO  o.a.m.s.f.DefaultMavenResourcesFiltering - Copying 0 resource from src\main\resources to target\classes
2025-03-20 15:57:23,720 [Worker-1: Building] INFO  o.a.m.s.f.DefaultMavenResourcesFiltering - Copying 0 resource from src\test\resources to target\test-classes
2025-03-20 15:57:27,006 [Worker-33: Building] INFO  o.a.m.s.f.DefaultMavenResourcesFiltering - Copying 1 resource from src\main\resources to target\classes
2025-03-20 15:57:27,012 [Worker-33: Building] INFO  o.a.m.s.f.DefaultMavenResourcesFiltering - Copying 0 resource from src\main\resources to target\classes
2025-03-20 15:57:27,016 [Worker-33: Building] INFO  o.a.m.s.f.DefaultMavenResourcesFiltering - Copying 0 resource from src\test\resources to target\test-classes
2025-03-20 15:57:30,911 [Worker-37: Building] INFO  o.a.m.s.f.DefaultMavenResourcesFiltering - Copying 1 resource from src\main\resources to target\classes
2025-03-20 15:57:30,917 [Worker-37: Building] INFO  o.a.m.s.f.DefaultMavenResourcesFiltering - Copying 0 resource from src\main\resources to target\classes
2025-03-20 15:57:30,922 [Worker-37: Building] INFO  o.a.m.s.f.DefaultMavenResourcesFiltering - Copying 0 resource from src\test\resources to target\test-classes
2025-03-20 15:59:27,066 [Worker-37: Building] INFO  o.a.m.s.f.DefaultMavenResourcesFiltering - Copying 1 resource from src\main\resources to target\classes
2025-03-20 15:59:27,074 [Worker-37: Building] INFO  o.a.m.s.f.DefaultMavenResourcesFiltering - Copying 0 resource from src\main\resources to target\classes
2025-03-20 15:59:27,077 [Worker-37: Building] INFO  o.a.m.s.f.DefaultMavenResourcesFiltering - Copying 0 resource from src\test\resources to target\test-classes
2025-03-20 16:00:23,888 [Worker-1: Building] INFO  o.a.m.s.f.DefaultMavenResourcesFiltering - Copying 1 resource from src\main\resources to target\classes
2025-03-20 16:00:23,891 [Worker-1: Building] INFO  o.a.m.s.f.DefaultMavenResourcesFiltering - Copying 0 resource from src\main\resources to target\classes
2025-03-20 16:00:23,893 [Worker-1: Building] INFO  o.a.m.s.f.DefaultMavenResourcesFiltering - Copying 0 resource from src\test\resources to target\test-classes
2025-03-20 16:01:58,714 [Worker-33: Building] INFO  o.a.m.s.f.DefaultMavenResourcesFiltering - Copying 1 resource from src\main\resources to target\classes
2025-03-20 16:01:58,718 [Worker-33: Building] INFO  o.a.m.s.f.DefaultMavenResourcesFiltering - Copying 0 resource from src\main\resources to target\classes
2025-03-20 16:01:58,721 [Worker-33: Building] INFO  o.a.m.s.f.DefaultMavenResourcesFiltering - Copying 0 resource from src\test\resources to target\test-classes
2025-03-20 16:03:01,607 [Worker-14: Building] INFO  o.a.m.s.f.DefaultMavenResourcesFiltering - Copying 1 resource from src\main\resources to target\classes
2025-03-20 16:03:01,610 [Worker-14: Building] INFO  o.a.m.s.f.DefaultMavenResourcesFiltering - Copying 0 resource from src\main\resources to target\classes
2025-03-20 16:03:01,613 [Worker-14: Building] INFO  o.a.m.s.f.DefaultMavenResourcesFiltering - Copying 0 resource from src\test\resources to target\test-classes
2025-03-20 16:03:02,853 [Worker-38: Building] INFO  o.a.m.s.f.DefaultMavenResourcesFiltering - Copying 1 resource from src\main\resources to target\classes
2025-03-20 16:03:02,866 [Worker-38: Building] INFO  o.a.m.s.f.DefaultMavenResourcesFiltering - Copying 0 resource from src\main\resources to target\classes
2025-03-20 16:03:02,872 [Worker-38: Building] INFO  o.a.m.s.f.DefaultMavenResourcesFiltering - Copying 0 resource from src\test\resources to target\test-classes
2025-03-20 16:03:46,831 [Worker-1: Building] INFO  o.a.m.s.f.DefaultMavenResourcesFiltering - Copying 1 resource from src\main\resources to target\classes
2025-03-20 16:03:46,834 [Worker-1: Building] INFO  o.a.m.s.f.DefaultMavenResourcesFiltering - Copying 0 resource from src\main\resources to target\classes
2025-03-20 16:03:46,836 [Worker-1: Building] INFO  o.a.m.s.f.DefaultMavenResourcesFiltering - Copying 0 resource from src\test\resources to target\test-classes
2025-03-20 16:06:25,183 [Worker-38: Building] INFO  o.a.m.s.f.DefaultMavenResourcesFiltering - Copying 1 resource from src\main\resources to target\classes
2025-03-20 16:06:25,187 [Worker-38: Building] INFO  o.a.m.s.f.DefaultMavenResourcesFiltering - Copying 0 resource from src\main\resources to target\classes
2025-03-20 16:06:25,193 [Worker-38: Building] INFO  o.a.m.s.f.DefaultMavenResourcesFiltering - Copying 0 resource from src\test\resources to target\test-classes
2025-03-20 16:06:41,284 [Worker-33: Building] INFO  o.a.m.s.f.DefaultMavenResourcesFiltering - Copying 1 resource from src\main\resources to target\classes
2025-03-20 16:06:41,288 [Worker-33: Building] INFO  o.a.m.s.f.DefaultMavenResourcesFiltering - Copying 0 resource from src\main\resources to target\classes
2025-03-20 16:06:41,290 [Worker-33: Building] INFO  o.a.m.s.f.DefaultMavenResourcesFiltering - Copying 0 resource from src\test\resources to target\test-classes
2025-03-20 16:11:02,367 [Worker-16: Building] INFO  o.a.m.s.f.DefaultMavenResourcesFiltering - Copying 1 resource from src\main\resources to target\classes
2025-03-20 16:11:02,374 [Worker-16: Building] INFO  o.a.m.s.f.DefaultMavenResourcesFiltering - Copying 0 resource from src\main\resources to target\classes
2025-03-20 16:11:02,376 [Worker-16: Building] INFO  o.a.m.s.f.DefaultMavenResourcesFiltering - Copying 0 resource from src\test\resources to target\test-classes
2025-03-20 16:11:03,496 [Worker-39: Building] INFO  o.a.m.s.f.DefaultMavenResourcesFiltering - Copying 1 resource from src\main\resources to target\classes
2025-03-20 16:11:03,502 [Worker-39: Building] INFO  o.a.m.s.f.DefaultMavenResourcesFiltering - Copying 0 resource from src\main\resources to target\classes
2025-03-20 16:11:03,505 [Worker-39: Building] INFO  o.a.m.s.f.DefaultMavenResourcesFiltering - Copying 0 resource from src\test\resources to target\test-classes
2025-03-20 16:11:10,255 [Worker-42: Building] INFO  o.a.m.s.f.DefaultMavenResourcesFiltering - Copying 1 resource from src\main\resources to target\classes
2025-03-20 16:11:10,262 [Worker-42: Building] INFO  o.a.m.s.f.DefaultMavenResourcesFiltering - Copying 0 resource from src\main\resources to target\classes
2025-03-20 16:11:10,264 [Worker-42: Building] INFO  o.a.m.s.f.DefaultMavenResourcesFiltering - Copying 0 resource from src\test\resources to target\test-classes
2025-03-20 16:11:17,608 [Worker-33: Building] INFO  o.a.m.s.f.DefaultMavenResourcesFiltering - Copying 1 resource from src\main\resources to target\classes
2025-03-20 16:11:17,611 [Worker-33: Building] INFO  o.a.m.s.f.DefaultMavenResourcesFiltering - Copying 0 resource from src\main\resources to target\classes
2025-03-20 16:11:17,613 [Worker-33: Building] INFO  o.a.m.s.f.DefaultMavenResourcesFiltering - Copying 0 resource from src\test\resources to target\test-classes
2025-03-20 16:19:10,354 [Worker-40: https://www.codetogether.com/updates/ci/compositeContent.jar] WARN  o.a.h.c.h.p.ResponseProcessCookies - ex-0000000005 Cookie rejected [_cfuvid="TeshvsR4.aArSTmojTtsHA5JXTCi33ljuYL3I4hn0aA-1742483951148-0.0.1.1-604800000", domain:cdn.webflow.com, path:/, expiry:null] Illegal 'domain' attribute "cdn.webflow.com". Domain of origin: "www.codetogether.com"
2025-03-20 16:20:20,066 [Worker-43: https://www.codetogether.com/updates/ci/compositeArtifacts.jar] WARN  o.a.h.c.h.p.ResponseProcessCookies - ex-0000000125 Cookie rejected [_cfuvid="q6AjO6Py2U1zMAe0MdTjHs3nl8rZ97BX1VzwOJRVNL8-1742484020864-0.0.1.1-604800000", domain:cdn.webflow.com, path:/, expiry:null] Illegal 'domain' attribute "cdn.webflow.com". Domain of origin: "www.codetogether.com"
2025-03-20 16:27:57,766 [Worker-47: Building] INFO  o.a.m.s.f.DefaultMavenResourcesFiltering - Copying 0 resource from src\main\resources to target\classes
2025-03-20 16:27:57,767 [Worker-47: Building] INFO  o.a.m.s.f.DefaultMavenResourcesFiltering - Copying 0 resource from src\main\resources to target\classes
2025-03-20 16:27:57,769 [Worker-47: Building] INFO  o.a.m.s.f.DefaultMavenResourcesFiltering - Copying 0 resource from src\test\resources to target\test-classes
2025-03-20 16:37:27,331 [Worker-49: Building] INFO  o.a.m.s.f.DefaultMavenResourcesFiltering - Copying 0 resource from src\main\resources to target\classes
2025-03-20 16:37:27,332 [Worker-49: Building] INFO  o.a.m.s.f.DefaultMavenResourcesFiltering - Copying 0 resource from src\main\resources to target\classes
2025-03-20 16:37:27,334 [Worker-49: Building] INFO  o.a.m.s.f.DefaultMavenResourcesFiltering - Copying 0 resource from src\test\resources to target\test-classes
2025-03-20 16:45:26,072 [Worker-52: Building] INFO  o.a.m.s.f.DefaultMavenResourcesFiltering - Copying 0 resource from src\main\resources to target\classes
2025-03-20 16:45:26,074 [Worker-52: Building] INFO  o.a.m.s.f.DefaultMavenResourcesFiltering - Copying 0 resource from src\main\resources to target\classes
2025-03-20 16:45:26,076 [Worker-52: Building] INFO  o.a.m.s.f.DefaultMavenResourcesFiltering - Copying 0 resource from src\test\resources to target\test-classes
2025-03-20 16:45:40,555 [Worker-48: Building] INFO  o.a.m.s.f.DefaultMavenResourcesFiltering - Copying 0 resource from src\main\resources to target\classes
2025-03-20 16:45:40,556 [Worker-48: Building] INFO  o.a.m.s.f.DefaultMavenResourcesFiltering - Copying 0 resource from src\main\resources to target\classes
2025-03-20 16:45:40,559 [Worker-48: Building] INFO  o.a.m.s.f.DefaultMavenResourcesFiltering - Copying 0 resource from src\test\resources to target\test-classes
2025-03-20 16:45:47,194 [Worker-49: Building] INFO  o.a.m.s.f.DefaultMavenResourcesFiltering - Copying 0 resource from src\main\resources to target\classes
2025-03-20 16:45:47,195 [Worker-49: Building] INFO  o.a.m.s.f.DefaultMavenResourcesFiltering - Copying 0 resource from src\main\resources to target\classes
2025-03-20 16:45:47,196 [Worker-49: Building] INFO  o.a.m.s.f.DefaultMavenResourcesFiltering - Copying 0 resource from src\test\resources to target\test-classes
2025-03-20 16:47:28,234 [Worker-40: Building] INFO  o.a.m.s.f.DefaultMavenResourcesFiltering - Copying 0 resource from src\main\resources to target\classes
2025-03-20 16:47:28,235 [Worker-40: Building] INFO  o.a.m.s.f.DefaultMavenResourcesFiltering - Copying 0 resource from src\main\resources to target\classes
2025-03-20 16:47:28,236 [Worker-40: Building] INFO  o.a.m.s.f.DefaultMavenResourcesFiltering - Copying 0 resource from src\test\resources to target\test-classes
2025-03-20 16:47:53,731 [Worker-49: Building] INFO  o.a.m.s.f.DefaultMavenResourcesFiltering - Copying 0 resource from src\main\resources to target\classes
2025-03-20 16:47:53,731 [Worker-49: Building] INFO  o.a.m.s.f.DefaultMavenResourcesFiltering - Copying 0 resource from src\main\resources to target\classes
2025-03-20 16:47:53,733 [Worker-49: Building] INFO  o.a.m.s.f.DefaultMavenResourcesFiltering - Copying 0 resource from src\test\resources to target\test-classes
2025-03-20 16:48:07,564 [Worker-52: Building] INFO  o.a.m.s.f.DefaultMavenResourcesFiltering - Copying 0 resource from src\main\resources to target\classes
2025-03-20 16:48:07,565 [Worker-52: Building] INFO  o.a.m.s.f.DefaultMavenResourcesFiltering - Copying 0 resource from src\main\resources to target\classes
2025-03-20 16:48:07,566 [Worker-52: Building] INFO  o.a.m.s.f.DefaultMavenResourcesFiltering - Copying 0 resource from src\test\resources to target\test-classes
2025-03-20 16:48:14,618 [Worker-49: Building] INFO  o.a.m.s.f.DefaultMavenResourcesFiltering - Copying 0 resource from src\main\resources to target\classes
2025-03-20 16:48:14,620 [Worker-49: Building] INFO  o.a.m.s.f.DefaultMavenResourcesFiltering - Copying 0 resource from src\main\resources to target\classes
2025-03-20 16:48:14,621 [Worker-49: Building] INFO  o.a.m.s.f.DefaultMavenResourcesFiltering - Copying 0 resource from src\test\resources to target\test-classes
2025-03-20 16:48:38,276 [Worker-48: Building] INFO  o.a.m.s.f.DefaultMavenResourcesFiltering - Copying 0 resource from src\main\resources to target\classes
2025-03-20 16:48:38,277 [Worker-48: Building] INFO  o.a.m.s.f.DefaultMavenResourcesFiltering - Copying 0 resource from src\main\resources to target\classes
2025-03-20 16:48:38,279 [Worker-48: Building] INFO  o.a.m.s.f.DefaultMavenResourcesFiltering - Copying 0 resource from src\test\resources to target\test-classes
2025-03-20 16:49:21,799 [Worker-50: Building] INFO  o.a.m.s.f.DefaultMavenResourcesFiltering - Copying 0 resource from src\main\resources to target\classes
2025-03-20 16:49:21,800 [Worker-50: Building] INFO  o.a.m.s.f.DefaultMavenResourcesFiltering - Copying 0 resource from src\main\resources to target\classes
2025-03-20 16:49:21,801 [Worker-50: Building] INFO  o.a.m.s.f.DefaultMavenResourcesFiltering - Copying 0 resource from src\test\resources to target\test-classes
2025-03-20 16:51:29,847 [Worker-40: Building] INFO  o.a.m.s.f.DefaultMavenResourcesFiltering - Copying 0 resource from src\main\resources to target\classes
2025-03-20 16:51:29,848 [Worker-40: Building] INFO  o.a.m.s.f.DefaultMavenResourcesFiltering - Copying 0 resource from src\main\resources to target\classes
2025-03-20 16:51:29,849 [Worker-40: Building] INFO  o.a.m.s.f.DefaultMavenResourcesFiltering - Copying 0 resource from src\test\resources to target\test-classes
2025-03-20 16:52:00,143 [Worker-54: Building] INFO  o.a.m.s.f.DefaultMavenResourcesFiltering - Copying 0 resource from src\main\resources to target\classes
2025-03-20 16:52:00,143 [Worker-54: Building] INFO  o.a.m.s.f.DefaultMavenResourcesFiltering - Copying 0 resource from src\main\resources to target\classes
2025-03-20 16:52:00,145 [Worker-54: Building] INFO  o.a.m.s.f.DefaultMavenResourcesFiltering - Copying 0 resource from src\test\resources to target\test-classes
2025-03-20 16:52:11,046 [Worker-49: Building] INFO  o.a.m.s.f.DefaultMavenResourcesFiltering - Copying 0 resource from src\main\resources to target\classes
2025-03-20 16:52:11,046 [Worker-49: Building] INFO  o.a.m.s.f.DefaultMavenResourcesFiltering - Copying 0 resource from src\main\resources to target\classes
2025-03-20 16:52:11,049 [Worker-49: Building] INFO  o.a.m.s.f.DefaultMavenResourcesFiltering - Copying 0 resource from src\test\resources to target\test-classes
2025-03-20 16:52:27,427 [Worker-40: Building] INFO  o.a.m.s.f.DefaultMavenResourcesFiltering - Copying 0 resource from src\main\resources to target\classes
2025-03-20 16:52:27,427 [Worker-40: Building] INFO  o.a.m.s.f.DefaultMavenResourcesFiltering - Copying 0 resource from src\main\resources to target\classes
2025-03-20 16:52:27,429 [Worker-40: Building] INFO  o.a.m.s.f.DefaultMavenResourcesFiltering - Copying 0 resource from src\test\resources to target\test-classes
2025-03-20 16:52:50,476 [main] INFO  o.e.m.jdt.internal.UnitTestSupport - Updating TestConcurrenceMultipleThreads.testTimer from maven configuration
2025-03-20 16:54:51,056 [Worker-54: Building] INFO  o.a.m.s.f.DefaultMavenResourcesFiltering - Copying 0 resource from src\main\resources to target\classes
2025-03-20 16:54:51,057 [Worker-54: Building] INFO  o.a.m.s.f.DefaultMavenResourcesFiltering - Copying 0 resource from src\main\resources to target\classes
2025-03-20 16:54:51,060 [Worker-54: Building] INFO  o.a.m.s.f.DefaultMavenResourcesFiltering - Copying 0 resource from src\test\resources to target\test-classes
2025-03-20 16:59:26,005 [Worker-55: Building] INFO  o.a.m.s.f.DefaultMavenResourcesFiltering - Copying 1 resource from src\main\resources to target\classes
2025-03-20 16:59:26,014 [Worker-55: Building] INFO  o.a.m.s.f.DefaultMavenResourcesFiltering - Copying 0 resource from src\main\resources to target\classes
2025-03-20 16:59:26,017 [Worker-55: Building] INFO  o.a.m.s.f.DefaultMavenResourcesFiltering - Copying 0 resource from src\test\resources to target\test-classes
